#
# A fatal error has been detected by the Java Runtime Environment:
#
#  SIGBUS (0xa) at pc=0x0000000104503e92, pid=6519, tid=0x0000000000005113
#
# JRE version: Java(TM) SE Runtime Environment (8.0_102-b14) (build 1.8.0_102-b14)
# Java VM: Java HotSpot(TM) 64-Bit Server VM (25.102-b14 mixed mode bsd-amd64 compressed oops)
# Problematic frame:
# C  [libzip.dylib+0x2e92]  newEntry+0x154
#
# Failed to write core dump. Core dumps have been disabled. To enable core dumping, try "ulimit -c unlimited" before starting Java again
#
# If you would like to submit a bug report, please visit:
#   http://bugreport.java.com/bugreport/crash.jsp
# The crash happened outside the Java Virtual Machine in native code.
# See problematic frame for where to report the bug.
#

---------------  T H R E A D  ---------------

Current thread (0x00007fe89c362800):  JavaThread "restartedMain" [_thread_in_native, id=20755, stack(0x000070000eab9000,0x000070000ebb9000)]

siginfo: si_signo: 10 (SIGBUS), si_code: 2 (BUS_ADRERR), si_addr: 0x000000010c7bc927

Registers:
RAX=0x00007fe896e17070, RBX=0x000000010c7bc91b, RCX=0x0000000000000001, RDX=0x0000000000000000
RSP=0x000070000ebb5cf0, RBP=0x000070000ebb5d50, RSI=0x0000000000000048, RDI=0x0000000104453000
R8 =0x0000000000000048, R9 =0x00007fe896d4c780, R10=0x000000010dae9bd8, R11=0x00006ff8765927ee
R12=0x00007fe897052000, R13=0x0000000000000030, R14=0x0000000026abfaea, R15=0x00007fe8996319a0
RIP=0x0000000104503e92, EFLAGS=0x0000000000010206, ERR=0x0000000000000004
  TRAPNO=0x000000000000000e

Top of Stack: (sp=0x000070000ebb5cf0)
0x000070000ebb5cf0:   00007fe89c362800 0000000099736640
0x000070000ebb5d00:   00007fe89d0290e0 00007fe89d029130
0x000070000ebb5d10:   000070000ebb5d30 00007fe896e17070
0x000070000ebb5d20:   00007fe896d4c780 00007fe896e17070
0x000070000ebb5d30:   00007fe897052000 0000000000000030
0x000070000ebb5d40:   0000000026abfaea 00007fe8996319a0
0x000070000ebb5d50:   000070000ebb5db0 000000010450452d
0x000070000ebb5d60:   000070000ebb5dda 000070000ebb5dd9
0x000070000ebb5d70:   0000000a00000000 0000000b01362800
0x000070000ebb5d80:   000070000ebb5dce 000070000ebb6218
0x000070000ebb5d90:   000000000000000b 000070000ebb5dce
0x000070000ebb5da0:   00007fe896e17070 00007fe89c3629f8
0x000070000ebb5db0:   000070000ebb6200 0000000104503238
0x000070000ebb5dc0:   000070000ebb7020 6f63000100000001
0x000070000ebb5dd0:   61736273686e2f6d 000000010ac1002f
0x000070000ebb5de0:   000000010d9f31d0 000000010ac113d8
0x000070000ebb5df0:   000000010e1a4a3c 000000010ac113d8
0x000070000ebb5e00:   000000010d9f3c20 000070000ebb5f10
0x000070000ebb5e10:   000000010ac113d8 000070000ebb60c0
0x000070000ebb5e20:   00007fe89c362800 000070000ebb5f10
0x000070000ebb5e30:   000000010ac113d8 000070000ebb60c0
0x000070000ebb5e40:   000070000ebb5fb0 000000010512480c
0x000070000ebb5e50:   000070000ebb5ef0 00007fe89d029128
0x000070000ebb5e60:   00007fe89c3629f8 000070000ebb60c0
0x000070000ebb5e70:   000070000ebb5ebe 0000000798622370
0x000070000ebb5e80:   000000074045af38 000070000ebb7054
0x000070000ebb5e90:   000070000ebb5ef0 00000000637e29e0
0x000070000ebb5ea0:   000070000aec3e18 000070000ebb5f20
0x000070000ebb5eb0:   000070000ebb5ed0 000000010501018a
0x000070000ebb5ec0:   000070000ebb7060 000070000ebb5e00
0x000070000ebb5ed0:   00007fe89c362800 0000000800000000
0x000070000ebb5ee0:   000070000ebb5f00 00007fe8993e36e0 

Instructions: (pc=0x0000000104503e92)
0x0000000104503e72:   49 8b 7f 38 e8 5b 1b 00 00 4d 89 77 38 49 89 5f
0x0000000104503e82:   40 4c 89 f0 48 85 c0 0f 84 11 05 00 00 48 89 c3
0x0000000104503e92:   0f b6 43 0c 0f b6 4b 0d 48 c1 e1 08 48 01 c1 0f
0x0000000104503ea2:   b6 43 0e 0f b6 53 0f 48 c1 e2 08 48 01 c2 48 c1 

Register to memory mapping:

RAX=0x00007fe896e17070 is an unknown value
RBX=0x000000010c7bc91b is an unknown value
RCX=0x0000000000000001 is an unknown value
RDX=0x0000000000000000 is an unknown value
RSP=0x000070000ebb5cf0 is pointing into the stack for thread: 0x00007fe89c362800
RBP=0x000070000ebb5d50 is pointing into the stack for thread: 0x00007fe89c362800
RSI=0x0000000000000048 is an unknown value
RDI=0x0000000104453000 is an unknown value
R8 =0x0000000000000048 is an unknown value
R9 =0x00007fe896d4c780 is an unknown value
R10=0x000000010dae9bd8 is at entry_point+88 in (nmethod*)0x000000010dae9a10
R11=0x00006ff8765927ee is an unknown value
R12=0x00007fe897052000 is an unknown value
R13=0x0000000000000030 is an unknown value
R14=0x0000000026abfaea is an unknown value
R15=0x00007fe8996319a0 is an unknown value


Stack: [0x000070000eab9000,0x000070000ebb9000],  sp=0x000070000ebb5cf0,  free space=1011k
Native frames: (J=compiled Java code, j=interpreted, Vv=VM code, C=native code)
C  [libzip.dylib+0x2e92]  newEntry+0x154
C  [libzip.dylib+0x352d]  ZIP_GetEntry2+0xd4
C  [libzip.dylib+0x2238]  Java_java_util_zip_ZipFile_getEntry+0xcf
J 107  java.util.zip.ZipFile.getEntry(J[BZ)J (0 bytes) @ 0x000000010dae9c4e [0x000000010dae9b80+0xce]
J 1081 C2 java.util.jar.JarFile.getEntry(Ljava/lang/String;)Ljava/util/zip/ZipEntry; (22 bytes) @ 0x000000010ddaf9b4 [0x000000010ddaf640+0x374]
J 1536 C2 sun.misc.URLClassPath$JarLoader.getResource(Ljava/lang/String;Z)Lsun/misc/Resource; (85 bytes) @ 0x000000010df4378c [0x000000010df43620+0x16c]
J 864 C2 sun.misc.URLClassPath$JarLoader.findResource(Ljava/lang/String;Z)Ljava/net/URL; (18 bytes) @ 0x000000010dd01854 [0x000000010dd01820+0x34]
J 1078 C1 sun.misc.URLClassPath$1.next()Z (63 bytes) @ 0x000000010dd8a98c [0x000000010dd8a820+0x16c]
J 3928 C1 sun.misc.URLClassPath$1.hasMoreElements()Z (5 bytes) @ 0x000000010dd0e0e4 [0x000000010dd0e080+0x64]
J 2245 C1 java.net.URLClassLoader$3$1.run()Ljava/lang/Object; (5 bytes) @ 0x000000010dccc154 [0x000000010dccbfe0+0x174]
v  ~StubRoutines::call_stub
V  [libjvm.dylib+0x2ed5e2]  JavaCalls::call_helper(JavaValue*, methodHandle*, JavaCallArguments*, Thread*)+0x6ae
V  [libjvm.dylib+0x34dd04]  JVM_DoPrivileged+0x4b8
J 865  java.security.AccessController.doPrivileged(Ljava/security/PrivilegedAction;Ljava/security/AccessControlContext;)Ljava/lang/Object; (0 bytes) @ 0x000000010dcefe15 [0x000000010dcefd40+0xd5]
J 625 C1 java.net.URLClassLoader$3.next()Z (73 bytes) @ 0x000000010dc51af4 [0x000000010dc51920+0x1d4]
J 2112 C1 java.net.URLClassLoader$3.hasMoreElements()Z (5 bytes) @ 0x000000010e0eb53c [0x000000010e0eb4c0+0x7c]
J 2111 C1 sun.misc.CompoundEnumeration.next()Z (58 bytes) @ 0x000000010e0eb044 [0x000000010e0eaea0+0x1a4]
J 2244 C1 sun.misc.CompoundEnumeration.hasMoreElements()Z (5 bytes) @ 0x000000010db15c3c [0x000000010db15bc0+0x7c]
j  org.springframework.core.io.support.PathMatchingResourcePatternResolver.doFindAllClassPathResources(Ljava/lang/String;)Ljava/util/Set;+35
j  org.springframework.core.io.support.PathMatchingResourcePatternResolver.findAllClassPathResources(Ljava/lang/String;)[Lorg/springframework/core/io/Resource;+19
j  org.springframework.core.io.support.PathMatchingResourcePatternResolver.getResources(Ljava/lang/String;)[Lorg/springframework/core/io/Resource;+52
j  org.springframework.core.io.support.PathMatchingResourcePatternResolver.findPathMatchingResources(Ljava/lang/String;)[Lorg/springframework/core/io/Resource;+17
j  org.springframework.core.io.support.PathMatchingResourcePatternResolver.getResources(Ljava/lang/String;)[Lorg/springframework/core/io/Resource;+38
j  org.springframework.context.support.AbstractApplicationContext.getResources(Ljava/lang/String;)[Lorg/springframework/core/io/Resource;+5
j  org.springframework.context.support.GenericApplicationContext.getResources(Ljava/lang/String;)[Lorg/springframework/core/io/Resource;+26
j  org.springframework.context.annotation.ClassPathScanningCandidateComponentProvider.findCandidateComponents(Ljava/lang/String;)Ljava/util/Set;+49
j  org.springframework.context.annotation.ClassPathBeanDefinitionScanner.doScan([Ljava/lang/String;)Ljava/util/Set;+39
j  org.springframework.context.annotation.ComponentScanAnnotationParser.parse(Lorg/springframework/core/annotation/AnnotationAttributes;Ljava/lang/String;)Ljava/util/Set;+525
J 7003 C1 org.springframework.context.annotation.ConfigurationClassParser.doProcessConfigurationClass(Lorg/springframework/context/annotation/ConfigurationClass;Lorg/springframework/context/annotation/ConfigurationClassParser$SourceClass;)Lorg/springframework/context/annotation/ConfigurationClassParser$SourceClass; (513 bytes) @ 0x000000010df17bbc [0x000000010df174a0+0x71c]
J 2781 C1 org.springframework.context.annotation.ConfigurationClassParser.processConfigurationClass(Lorg/springframework/context/annotation/ConfigurationClass;)V (143 bytes) @ 0x000000010db4040c [0x000000010db40120+0x2ec]
j  org.springframework.context.annotation.ConfigurationClassParser.parse(Lorg/springframework/core/type/AnnotationMetadata;Ljava/lang/String;)V+10
j  org.springframework.context.annotation.ConfigurationClassParser.parse(Ljava/util/Set;)V+66
j  org.springframework.context.annotation.ConfigurationClassPostProcessor.processConfigBeanDefinitions(Lorg/springframework/beans/factory/support/BeanDefinitionRegistry;)V+288
j  org.springframework.context.annotation.ConfigurationClassPostProcessor.postProcessBeanDefinitionRegistry(Lorg/springframework/beans/factory/support/BeanDefinitionRegistry;)V+161
j  org.springframework.context.support.PostProcessorRegistrationDelegate.invokeBeanDefinitionRegistryPostProcessors(Ljava/util/Collection;Lorg/springframework/beans/factory/support/BeanDefinitionRegistry;)V+28
j  org.springframework.context.support.PostProcessorRegistrationDelegate.invokeBeanFactoryPostProcessors(Lorg/springframework/beans/factory/config/ConfigurableListableBeanFactory;Ljava/util/List;)V+229
j  org.springframework.context.support.AbstractApplicationContext.invokeBeanFactoryPostProcessors(Lorg/springframework/beans/factory/config/ConfigurableListableBeanFactory;)V+5
j  org.springframework.context.support.AbstractApplicationContext.refresh()V+28
j  org.springframework.boot.context.embedded.EmbeddedWebApplicationContext.refresh()V+1
j  org.springframework.boot.SpringApplication.refresh(Lorg/springframework/context/ApplicationContext;)V+10
j  org.springframework.boot.SpringApplication.refreshContext(Lorg/springframework/context/ConfigurableApplicationContext;)V+2
j  org.springframework.boot.SpringApplication.run([Ljava/lang/String;)Lorg/springframework/context/ConfigurableApplicationContext;+78
j  org.springframework.boot.SpringApplication.run([Ljava/lang/Object;[Ljava/lang/String;)Lorg/springframework/context/ConfigurableApplicationContext;+9
j  org.springframework.boot.SpringApplication.run(Ljava/lang/Object;[Ljava/lang/String;)Lorg/springframework/context/ConfigurableApplicationContext;+9
j  com.nhsbsa.Application.main([Ljava/lang/String;)V+3
v  ~StubRoutines::call_stub
V  [libjvm.dylib+0x2ed5e2]  JavaCalls::call_helper(JavaValue*, methodHandle*, JavaCallArguments*, Thread*)+0x6ae
V  [libjvm.dylib+0x4d1f7c]  Reflection::invoke(instanceKlassHandle, methodHandle, Handle, bool, objArrayHandle, BasicType, objArrayHandle, bool, Thread*)+0xe12
V  [libjvm.dylib+0x4d24b0]  Reflection::invoke_method(oopDesc*, Handle, objArrayHandle, Thread*)+0x16c
V  [libjvm.dylib+0x3459ec]  JVM_InvokeMethod+0x166
J 2219  sun.reflect.NativeMethodAccessorImpl.invoke0(Ljava/lang/reflect/Method;Ljava/lang/Object;[Ljava/lang/Object;)Ljava/lang/Object; (0 bytes) @ 0x000000010dd58b6d [0x000000010dd58a80+0xed]
J 1776 C1 sun.reflect.NativeMethodAccessorImpl.invoke(Ljava/lang/Object;[Ljava/lang/Object;)Ljava/lang/Object; (104 bytes) @ 0x000000010dfb25d4 [0x000000010dfb1400+0x11d4]
J 7666 C2 sun.reflect.DelegatingMethodAccessorImpl.invoke(Ljava/lang/Object;[Ljava/lang/Object;)Ljava/lang/Object; (10 bytes) @ 0x000000010ef93568 [0x000000010ef93520+0x48]
J 6541 C1 java.lang.reflect.Method.invoke(Ljava/lang/Object;[Ljava/lang/Object;)Ljava/lang/Object; (62 bytes) @ 0x000000010e43aa14 [0x000000010e43a8e0+0x134]
j  org.springframework.boot.devtools.restart.RestartLauncher.run()V+41
v  ~StubRoutines::call_stub
V  [libjvm.dylib+0x2ed5e2]  JavaCalls::call_helper(JavaValue*, methodHandle*, JavaCallArguments*, Thread*)+0x6ae
V  [libjvm.dylib+0x2edd70]  JavaCalls::call_virtual(JavaValue*, KlassHandle, Symbol*, Symbol*, JavaCallArguments*, Thread*)+0x164
V  [libjvm.dylib+0x2edf1c]  JavaCalls::call_virtual(JavaValue*, Handle, KlassHandle, Symbol*, Symbol*, Thread*)+0x4a
V  [libjvm.dylib+0x348691]  thread_entry(JavaThread*, Thread*)+0x7c
V  [libjvm.dylib+0x56a4db]  JavaThread::thread_main_inner()+0x9b
V  [libjvm.dylib+0x56bbc8]  JavaThread::run()+0x1c2
V  [libjvm.dylib+0x489ed2]  java_start(Thread*)+0xf6
C  [libsystem_pthread.dylib+0x3abb]  _pthread_body+0xb4
C  [libsystem_pthread.dylib+0x3a07]  _pthread_body+0x0
C  [libsystem_pthread.dylib+0x3231]  thread_start+0xd
C  0x0000000000000000

Java frames: (J=compiled Java code, j=interpreted, Vv=VM code)
J 107  java.util.zip.ZipFile.getEntry(J[BZ)J (0 bytes) @ 0x000000010dae9bd8 [0x000000010dae9b80+0x58]
J 1081 C2 java.util.jar.JarFile.getEntry(Ljava/lang/String;)Ljava/util/zip/ZipEntry; (22 bytes) @ 0x000000010ddaf9b4 [0x000000010ddaf640+0x374]
J 1536 C2 sun.misc.URLClassPath$JarLoader.getResource(Ljava/lang/String;Z)Lsun/misc/Resource; (85 bytes) @ 0x000000010df4378c [0x000000010df43620+0x16c]
J 864 C2 sun.misc.URLClassPath$JarLoader.findResource(Ljava/lang/String;Z)Ljava/net/URL; (18 bytes) @ 0x000000010dd01854 [0x000000010dd01820+0x34]
J 1078 C1 sun.misc.URLClassPath$1.next()Z (63 bytes) @ 0x000000010dd8a98c [0x000000010dd8a820+0x16c]
J 3928 C1 sun.misc.URLClassPath$1.hasMoreElements()Z (5 bytes) @ 0x000000010dd0e0e4 [0x000000010dd0e080+0x64]
J 2245 C1 java.net.URLClassLoader$3$1.run()Ljava/lang/Object; (5 bytes) @ 0x000000010dccc154 [0x000000010dccbfe0+0x174]
v  ~StubRoutines::call_stub
J 865  java.security.AccessController.doPrivileged(Ljava/security/PrivilegedAction;Ljava/security/AccessControlContext;)Ljava/lang/Object; (0 bytes) @ 0x000000010dcefda3 [0x000000010dcefd40+0x63]
J 625 C1 java.net.URLClassLoader$3.next()Z (73 bytes) @ 0x000000010dc51af4 [0x000000010dc51920+0x1d4]
J 2112 C1 java.net.URLClassLoader$3.hasMoreElements()Z (5 bytes) @ 0x000000010e0eb53c [0x000000010e0eb4c0+0x7c]
J 2111 C1 sun.misc.CompoundEnumeration.next()Z (58 bytes) @ 0x000000010e0eb044 [0x000000010e0eaea0+0x1a4]
J 2244 C1 sun.misc.CompoundEnumeration.hasMoreElements()Z (5 bytes) @ 0x000000010db15c3c [0x000000010db15bc0+0x7c]
j  org.springframework.core.io.support.PathMatchingResourcePatternResolver.doFindAllClassPathResources(Ljava/lang/String;)Ljava/util/Set;+35
j  org.springframework.core.io.support.PathMatchingResourcePatternResolver.findAllClassPathResources(Ljava/lang/String;)[Lorg/springframework/core/io/Resource;+19
j  org.springframework.core.io.support.PathMatchingResourcePatternResolver.getResources(Ljava/lang/String;)[Lorg/springframework/core/io/Resource;+52
j  org.springframework.core.io.support.PathMatchingResourcePatternResolver.findPathMatchingResources(Ljava/lang/String;)[Lorg/springframework/core/io/Resource;+17
j  org.springframework.core.io.support.PathMatchingResourcePatternResolver.getResources(Ljava/lang/String;)[Lorg/springframework/core/io/Resource;+38
j  org.springframework.context.support.AbstractApplicationContext.getResources(Ljava/lang/String;)[Lorg/springframework/core/io/Resource;+5
j  org.springframework.context.support.GenericApplicationContext.getResources(Ljava/lang/String;)[Lorg/springframework/core/io/Resource;+26
j  org.springframework.context.annotation.ClassPathScanningCandidateComponentProvider.findCandidateComponents(Ljava/lang/String;)Ljava/util/Set;+49
j  org.springframework.context.annotation.ClassPathBeanDefinitionScanner.doScan([Ljava/lang/String;)Ljava/util/Set;+39
j  org.springframework.context.annotation.ComponentScanAnnotationParser.parse(Lorg/springframework/core/annotation/AnnotationAttributes;Ljava/lang/String;)Ljava/util/Set;+525
J 7003 C1 org.springframework.context.annotation.ConfigurationClassParser.doProcessConfigurationClass(Lorg/springframework/context/annotation/ConfigurationClass;Lorg/springframework/context/annotation/ConfigurationClassParser$SourceClass;)Lorg/springframework/context/annotation/ConfigurationClassParser$SourceClass; (513 bytes) @ 0x000000010df17bbc [0x000000010df174a0+0x71c]
J 2781 C1 org.springframework.context.annotation.ConfigurationClassParser.processConfigurationClass(Lorg/springframework/context/annotation/ConfigurationClass;)V (143 bytes) @ 0x000000010db4040c [0x000000010db40120+0x2ec]
j  org.springframework.context.annotation.ConfigurationClassParser.parse(Lorg/springframework/core/type/AnnotationMetadata;Ljava/lang/String;)V+10
j  org.springframework.context.annotation.ConfigurationClassParser.parse(Ljava/util/Set;)V+66
j  org.springframework.context.annotation.ConfigurationClassPostProcessor.processConfigBeanDefinitions(Lorg/springframework/beans/factory/support/BeanDefinitionRegistry;)V+288
j  org.springframework.context.annotation.ConfigurationClassPostProcessor.postProcessBeanDefinitionRegistry(Lorg/springframework/beans/factory/support/BeanDefinitionRegistry;)V+161
j  org.springframework.context.support.PostProcessorRegistrationDelegate.invokeBeanDefinitionRegistryPostProcessors(Ljava/util/Collection;Lorg/springframework/beans/factory/support/BeanDefinitionRegistry;)V+28
j  org.springframework.context.support.PostProcessorRegistrationDelegate.invokeBeanFactoryPostProcessors(Lorg/springframework/beans/factory/config/ConfigurableListableBeanFactory;Ljava/util/List;)V+229
j  org.springframework.context.support.AbstractApplicationContext.invokeBeanFactoryPostProcessors(Lorg/springframework/beans/factory/config/ConfigurableListableBeanFactory;)V+5
j  org.springframework.context.support.AbstractApplicationContext.refresh()V+28
j  org.springframework.boot.context.embedded.EmbeddedWebApplicationContext.refresh()V+1
j  org.springframework.boot.SpringApplication.refresh(Lorg/springframework/context/ApplicationContext;)V+10
j  org.springframework.boot.SpringApplication.refreshContext(Lorg/springframework/context/ConfigurableApplicationContext;)V+2
j  org.springframework.boot.SpringApplication.run([Ljava/lang/String;)Lorg/springframework/context/ConfigurableApplicationContext;+78
j  org.springframework.boot.SpringApplication.run([Ljava/lang/Object;[Ljava/lang/String;)Lorg/springframework/context/ConfigurableApplicationContext;+9
j  org.springframework.boot.SpringApplication.run(Ljava/lang/Object;[Ljava/lang/String;)Lorg/springframework/context/ConfigurableApplicationContext;+9
j  com.nhsbsa.Application.main([Ljava/lang/String;)V+3
v  ~StubRoutines::call_stub
J 2219  sun.reflect.NativeMethodAccessorImpl.invoke0(Ljava/lang/reflect/Method;Ljava/lang/Object;[Ljava/lang/Object;)Ljava/lang/Object; (0 bytes) @ 0x000000010dd58af7 [0x000000010dd58a80+0x77]
J 1776 C1 sun.reflect.NativeMethodAccessorImpl.invoke(Ljava/lang/Object;[Ljava/lang/Object;)Ljava/lang/Object; (104 bytes) @ 0x000000010dfb25d4 [0x000000010dfb1400+0x11d4]
J 7666 C2 sun.reflect.DelegatingMethodAccessorImpl.invoke(Ljava/lang/Object;[Ljava/lang/Object;)Ljava/lang/Object; (10 bytes) @ 0x000000010ef93568 [0x000000010ef93520+0x48]
J 6541 C1 java.lang.reflect.Method.invoke(Ljava/lang/Object;[Ljava/lang/Object;)Ljava/lang/Object; (62 bytes) @ 0x000000010e43aa14 [0x000000010e43a8e0+0x134]
j  org.springframework.boot.devtools.restart.RestartLauncher.run()V+41
v  ~StubRoutines::call_stub

---------------  P R O C E S S  ---------------

Java Threads: ( => current thread )
=>0x00007fe89c362800 JavaThread "restartedMain" [_thread_in_native, id=20755, stack(0x000070000eab9000,0x000070000ebb9000)]
  0x00007fe89d947000 JavaThread "Thread-11" [_thread_blocked, id=3863, stack(0x000070000e9b6000,0x000070000eab6000)]
  0x00007fe899ff3000 JavaThread "DestroyJavaVM" [_thread_blocked, id=7171, stack(0x000070000da89000,0x000070000db89000)]
  0x00007fe89baf8800 JavaThread "Live Reload Server" daemon [_thread_in_native, id=22791, stack(0x000070000f0cb000,0x000070000f1cb000)]
  0x00007fe898049800 JavaThread "Monitor Ctrl-Break" daemon [_thread_in_native, id=19715, stack(0x000070000e8b3000,0x000070000e9b3000)]
  0x00007fe89788d800 JavaThread "Service Thread" daemon [_thread_blocked, id=18691, stack(0x000070000e6ad000,0x000070000e7ad000)]
  0x00007fe898007800 JavaThread "C1 CompilerThread2" daemon [_thread_blocked, id=18179, stack(0x000070000e5aa000,0x000070000e6aa000)]
  0x00007fe898848000 JavaThread "C2 CompilerThread1" daemon [_thread_blocked, id=17667, stack(0x000070000e4a7000,0x000070000e5a7000)]
  0x00007fe898826800 JavaThread "C2 CompilerThread0" daemon [_thread_blocked, id=17155, stack(0x000070000e3a4000,0x000070000e4a4000)]
  0x00007fe898821000 JavaThread "Signal Dispatcher" daemon [_thread_blocked, id=16643, stack(0x000070000e2a1000,0x000070000e3a1000)]
  0x00007fe89802f000 JavaThread "Finalizer" daemon [_thread_blocked, id=12547, stack(0x000070000e19e000,0x000070000e29e000)]
  0x00007fe898000800 JavaThread "Reference Handler" daemon [_thread_blocked, id=12035, stack(0x000070000e09b000,0x000070000e19b000)]

Other Threads:
  0x00007fe898819000 VMThread [stack: 0x000070000df98000,0x000070000e098000] [id=11523]
  0x00007fe898820000 WatcherThread [stack: 0x000070000e7b0000,0x000070000e8b0000] [id=19203]

VM state:not at safepoint (normal execution)

VM Mutex/Monitor currently owned by a thread: None

Heap:
 PSYoungGen      total 651776K, used 53460K [0x0000000795580000, 0x00000007c0000000, 0x00000007c0000000)
  eden space 606720K, 8% used [0x0000000795580000,0x00000007989b5148,0x00000007ba600000)
  from space 45056K, 0% used [0x00000007bd400000,0x00000007bd400000,0x00000007c0000000)
  to   space 46080K, 0% used [0x00000007ba600000,0x00000007ba600000,0x00000007bd300000)
 ParOldGen       total 93184K, used 42218K [0x0000000740000000, 0x0000000745b00000, 0x0000000795580000)
  object space 93184K, 45% used [0x0000000740000000,0x000000074293a9a8,0x0000000745b00000)
 Metaspace       used 51520K, capacity 52412K, committed 52736K, reserved 1095680K
  class space    used 6361K, capacity 6580K, committed 6656K, reserved 1048576K

Card table byte_map: [0x0000000106161000,0x0000000106562000] byte_map_base: 0x0000000102761000

Marking Bits: (ParMarkBitMap*) 0x00000001056efd20
 Begin Bits: [0x000000010680d000, 0x000000010880d000)
 End Bits:   [0x000000010880d000, 0x000000010a80d000)

Polling page: 0x00000001044f7000

CodeCache: size=245760Kb used=23139Kb max_used=23150Kb free=222620Kb
 bounds [0x000000010d9ad000, 0x000000010f06d000, 0x000000011c9ad000]
 total_blobs=7394 nmethods=6679 adapters=627
 compilation: enabled

Compilation events (10 events):
Event: 592.549 Thread 0x00007fe898007800 nmethod 8094 0x000000010e5358d0 code [0x000000010e535ac0, 0x000000010e536218]
Event: 592.549 Thread 0x00007fe898007800 8095   !   3       com.sun.proxy.$Proxy36::equals (39 bytes)
Event: 592.549 Thread 0x00007fe898007800 nmethod 8095 0x000000010f04eb50 code [0x000000010f04ed00, 0x000000010f04f398]
Event: 592.550 Thread 0x00007fe898848000 8096       4       java.util.RegularEnumSet::add (9 bytes)
Event: 592.551 Thread 0x00007fe898826800 nmethod 8088 0x000000010f061950 code [0x000000010f061ac0, 0x000000010f0620d8]
Event: 592.551 Thread 0x00007fe898826800 8097       4       java.util.RegularEnumSet::add (40 bytes)
Event: 592.552 Thread 0x00007fe898848000 nmethod 8096 0x000000010e52c6d0 code [0x000000010e52c820, 0x000000010e52c938]
Event: 592.552 Thread 0x00007fe898848000 8098       4       java.util.EnumSet::typeCheck (59 bytes)
Event: 592.552 Thread 0x00007fe898826800 nmethod 8097 0x000000010e533690 code [0x000000010e5337e0, 0x000000010e5338b8]
Event: 592.552 Thread 0x00007fe898848000 nmethod 8098 0x000000010f05ff10 code [0x000000010f060060, 0x000000010f0600f8]

GC Heap History (10 events):
Event: 163.083 GC heap before
{Heap before GC invocations=14 (full 3):
 PSYoungGen      total 628736K, used 28298K [0x0000000795580000, 0x00000007be000000, 0x00000007c0000000)
  eden space 598528K, 0% used [0x0000000795580000,0x0000000795580000,0x00000007b9e00000)
  from space 30208K, 93% used [0x00000007b9e00000,0x00000007bb9a29e8,0x00000007bbb80000)
  to   space 33792K, 0% used [0x00000007bbf00000,0x00000007bbf00000,0x00000007be000000)
 ParOldGen       total 93184K, used 51639K [0x0000000740000000, 0x0000000745b00000, 0x0000000795580000)
  object space 93184K, 55% used [0x0000000740000000,0x000000074326de10,0x0000000745b00000)
 Metaspace       used 50850K, capacity 51626K, committed 51840K, reserved 1095680K
  class space    used 6324K, capacity 6513K, committed 6528K, reserved 1048576K
Event: 163.818 GC heap after
Heap after GC invocations=14 (full 3):
 PSYoungGen      total 628736K, used 0K [0x0000000795580000, 0x00000007be000000, 0x00000007c0000000)
  eden space 598528K, 0% used [0x0000000795580000,0x0000000795580000,0x00000007b9e00000)
  from space 30208K, 0% used [0x00000007b9e00000,0x00000007b9e00000,0x00000007bbb80000)
  to   space 33792K, 0% used [0x00000007bbf00000,0x00000007bbf00000,0x00000007be000000)
 ParOldGen       total 93184K, used 54626K [0x0000000740000000, 0x0000000745b00000, 0x0000000795580000)
  object space 93184K, 58% used [0x0000000740000000,0x0000000743558920,0x0000000745b00000)
 Metaspace       used 50850K, capacity 51626K, committed 51840K, reserved 1095680K
  class space    used 6324K, capacity 6513K, committed 6528K, reserved 1048576K
}
Event: 179.007 GC heap before
{Heap before GC invocations=15 (full 3):
 PSYoungGen      total 628736K, used 598528K [0x0000000795580000, 0x00000007be000000, 0x00000007c0000000)
  eden space 598528K, 100% used [0x0000000795580000,0x00000007b9e00000,0x00000007b9e00000)
  from space 30208K, 0% used [0x00000007b9e00000,0x00000007b9e00000,0x00000007bbb80000)
  to   space 33792K, 0% used [0x00000007bbf00000,0x00000007bbf00000,0x00000007be000000)
 ParOldGen       total 93184K, used 54626K [0x0000000740000000, 0x0000000745b00000, 0x0000000795580000)
  object space 93184K, 58% used [0x0000000740000000,0x0000000743558920,0x0000000745b00000)
 Metaspace       used 51169K, capacity 52042K, committed 52224K, reserved 1095680K
  class space    used 6342K, capacity 6559K, committed 6656K, reserved 1048576K
Event: 179.058 GC heap after
Heap after GC invocations=15 (full 3):
 PSYoungGen      total 629760K, used 26783K [0x0000000795580000, 0x00000007c0000000, 0x00000007c0000000)
  eden space 595968K, 0% used [0x0000000795580000,0x0000000795580000,0x00000007b9b80000)
  from space 33792K, 79% used [0x00000007bbf00000,0x00000007bd927eb0,0x00000007be000000)
  to   space 36352K, 0% used [0x00000007b9b80000,0x00000007b9b80000,0x00000007bbf00000)
 ParOldGen       total 93184K, used 54634K [0x0000000740000000, 0x0000000745b00000, 0x0000000795580000)
  object space 93184K, 58% used [0x0000000740000000,0x000000074355a920,0x0000000745b00000)
 Metaspace       used 51169K, capacity 52042K, committed 52224K, reserved 1095680K
  class space    used 6342K, capacity 6559K, committed 6656K, reserved 1048576K
}
Event: 187.579 GC heap before
{Heap before GC invocations=16 (full 3):
 PSYoungGen      total 629760K, used 622751K [0x0000000795580000, 0x00000007c0000000, 0x00000007c0000000)
  eden space 595968K, 100% used [0x0000000795580000,0x00000007b9b80000,0x00000007b9b80000)
  from space 33792K, 79% used [0x00000007bbf00000,0x00000007bd927eb0,0x00000007be000000)
  to   space 36352K, 0% used [0x00000007b9b80000,0x00000007b9b80000,0x00000007bbf00000)
 ParOldGen       total 93184K, used 54634K [0x0000000740000000, 0x0000000745b00000, 0x0000000795580000)
  object space 93184K, 58% used [0x0000000740000000,0x000000074355a920,0x0000000745b00000)
 Metaspace       used 51299K, capacity 52208K, committed 52480K, reserved 1095680K
  class space    used 6349K, capacity 6566K, committed 6656K, reserved 1048576K
Event: 187.643 GC heap after
Heap after GC invocations=16 (full 3):
 PSYoungGen      total 632320K, used 36332K [0x0000000795580000, 0x00000007c0000000, 0x00000007c0000000)
  eden space 595968K, 0% used [0x0000000795580000,0x0000000795580000,0x00000007b9b80000)
  from space 36352K, 99% used [0x00000007b9b80000,0x00000007bbefb2e8,0x00000007bbf00000)
  to   space 45056K, 0% used [0x00000007bd400000,0x00000007bd400000,0x00000007c0000000)
 ParOldGen       total 93184K, used 63758K [0x0000000740000000, 0x0000000745b00000, 0x0000000795580000)
  object space 93184K, 68% used [0x0000000740000000,0x0000000743e43bb8,0x0000000745b00000)
 Metaspace       used 51299K, capacity 52208K, committed 52480K, reserved 1095680K
  class space    used 6349K, capacity 6566K, committed 6656K, reserved 1048576K
}
Event: 581.055 GC heap before
{Heap before GC invocations=17 (full 3):
 PSYoungGen      total 632320K, used 170147K [0x0000000795580000, 0x00000007c0000000, 0x00000007c0000000)
  eden space 595968K, 22% used [0x0000000795580000,0x000000079d82db88,0x00000007b9b80000)
  from space 36352K, 99% used [0x00000007b9b80000,0x00000007bbefb2e8,0x00000007bbf00000)
  to   space 45056K, 0% used [0x00000007bd400000,0x00000007bd400000,0x00000007c0000000)
 ParOldGen       total 93184K, used 63758K [0x0000000740000000, 0x0000000745b00000, 0x0000000795580000)
  object space 93184K, 68% used [0x0000000740000000,0x0000000743e43bb8,0x0000000745b00000)
 Metaspace       used 51469K, capacity 52354K, committed 52480K, reserved 1095680K
  class space    used 6354K, capacity 6570K, committed 6656K, reserved 1048576K
Event: 581.117 GC heap after
Heap after GC invocations=17 (full 3):
 PSYoungGen      total 651776K, used 576K [0x0000000795580000, 0x00000007c0000000, 0x00000007c0000000)
  eden space 606720K, 0% used [0x0000000795580000,0x0000000795580000,0x00000007ba600000)
  from space 45056K, 1% used [0x00000007bd400000,0x00000007bd490000,0x00000007c0000000)
  to   space 46080K, 0% used [0x00000007ba600000,0x00000007ba600000,0x00000007bd300000)
 ParOldGen       total 93184K, used 66323K [0x0000000740000000, 0x0000000745b00000, 0x0000000795580000)
  object space 93184K, 71% used [0x0000000740000000,0x00000007440c4c88,0x0000000745b00000)
 Metaspace       used 51469K, capacity 52354K, committed 52480K, reserved 1095680K
  class space    used 6354K, capacity 6570K, committed 6656K, reserved 1048576K
}
Event: 581.117 GC heap before
{Heap before GC invocations=18 (full 4):
 PSYoungGen      total 651776K, used 576K [0x0000000795580000, 0x00000007c0000000, 0x00000007c0000000)
  eden space 606720K, 0% used [0x0000000795580000,0x0000000795580000,0x00000007ba600000)
  from space 45056K, 1% used [0x00000007bd400000,0x00000007bd490000,0x00000007c0000000)
  to   space 46080K, 0% used [0x00000007ba600000,0x00000007ba600000,0x00000007bd300000)
 ParOldGen       total 93184K, used 66323K [0x0000000740000000, 0x0000000745b00000, 0x0000000795580000)
  object space 93184K, 71% used [0x0000000740000000,0x00000007440c4c88,0x0000000745b00000)
 Metaspace       used 51469K, capacity 52354K, committed 52480K, reserved 1095680K
  class space    used 6354K, capacity 6570K, committed 6656K, reserved 1048576K
Event: 581.881 GC heap after
Heap after GC invocations=18 (full 4):
 PSYoungGen      total 651776K, used 0K [0x0000000795580000, 0x00000007c0000000, 0x00000007c0000000)
  eden space 606720K, 0% used [0x0000000795580000,0x0000000795580000,0x00000007ba600000)
  from space 45056K, 0% used [0x00000007bd400000,0x00000007bd400000,0x00000007c0000000)
  to   space 46080K, 0% used [0x00000007ba600000,0x00000007ba600000,0x00000007bd300000)
 ParOldGen       total 93184K, used 42218K [0x0000000740000000, 0x0000000745b00000, 0x0000000795580000)
  object space 93184K, 45% used [0x0000000740000000,0x000000074293a9a8,0x0000000745b00000)
 Metaspace       used 51469K, capacity 52354K, committed 52480K, reserved 1095680K
  class space    used 6354K, capacity 6570K, committed 6656K, reserved 1048576K
}

Deoptimization events (10 events):
Event: 178.259 Thread 0x00007fe89c20b000 Uncommon trap: reason=unstable_if action=reinterpret pc=0x000000010ddc4af4 method=java.io.File.isFile()Z @ 34
Event: 179.060 Thread 0x00007fe89c20b000 Uncommon trap: reason=null_check action=make_not_entrant pc=0x000000010e32efec method=java.util.WeakHashMap.eq(Ljava/lang/Object;Ljava/lang/Object;)Z @ 7
Event: 181.183 Thread 0x00007fe89c20b000 Uncommon trap: reason=null_check action=make_not_entrant pc=0x000000010ee58a6c method=org.springframework.core.annotation.AnnotatedElementUtils.searchWithFindSemantics(Ljava/lang/reflect/AnnotatedElement;Ljava/lang/Class;Ljava/lang/String;Ljava/lang/Class
Event: 181.338 Thread 0x00007fe89c20b000 Uncommon trap: reason=array_check action=maybe_recompile pc=0x000000010ee735f4 method=org.aspectj.weaver.ResolvedMemberImpl.resolve(Lorg/aspectj/weaver/World;)Lorg/aspectj/weaver/ResolvedMember; @ 139
Event: 181.340 Thread 0x00007fe89c20b000 Uncommon trap: reason=array_check action=maybe_recompile pc=0x000000010ee735f4 method=org.aspectj.weaver.ResolvedMemberImpl.resolve(Lorg/aspectj/weaver/World;)Lorg/aspectj/weaver/ResolvedMember; @ 139
Event: 181.340 Thread 0x00007fe89c20b000 Uncommon trap: reason=array_check action=maybe_recompile pc=0x000000010ee735f4 method=org.aspectj.weaver.ResolvedMemberImpl.resolve(Lorg/aspectj/weaver/World;)Lorg/aspectj/weaver/ResolvedMember; @ 139
Event: 181.340 Thread 0x00007fe89c20b000 Uncommon trap: reason=array_check action=maybe_recompile pc=0x000000010ee735f4 method=org.aspectj.weaver.ResolvedMemberImpl.resolve(Lorg/aspectj/weaver/World;)Lorg/aspectj/weaver/ResolvedMember; @ 139
Event: 188.345 Thread 0x00007fe89c20b000 Uncommon trap: reason=unstable_if action=reinterpret pc=0x000000010e7a0534 method=java.util.HashMap.putVal(ILjava/lang/Object;Ljava/lang/Object;ZZ)Ljava/lang/Object; @ 109
Event: 581.023 Thread 0x00007fe89d947000 Uncommon trap: reason=unstable_if action=reinterpret pc=0x000000010e0fe50c method=java.net.URI.match(CJJ)Z @ 45
Event: 587.366 Thread 0x00007fe89c362800 Uncommon trap: reason=predicate action=maybe_recompile pc=0x000000010e0723f4 method=java.util.Arrays.fill([Ljava/lang/Object;Ljava/lang/Object;)V @ 10

Internal exceptions (10 events):
Event: 179.861 Thread 0x00007fe89c20b000 Exception <a 'java/lang/ClassNotFoundException': java/lang/ObjectCustomizer> (0x00000007a08419c0) thrown at [/Users/java_re/workspace/8-2-build-macosx-x86_64/jdk8u102/7268/hotspot/src/share/vm/classfile/systemDictionary.cpp, line 210]
Event: 179.862 Thread 0x00007fe89c20b000 Exception <a 'java/lang/ClassNotFoundException': com/nhsbsa/controllers/LandingPageControllerCustomizer> (0x00000007a0867d00) thrown at [/Users/java_re/workspace/8-2-build-macosx-x86_64/jdk8u102/7268/hotspot/src/share/vm/classfile/systemDictionary.cpp, li
Event: 179.865 Thread 0x00007fe89c20b000 Exception <a 'java/lang/ClassNotFoundException': java/lang/ObjectCustomizer> (0x00000007a08a3ba0) thrown at [/Users/java_re/workspace/8-2-build-macosx-x86_64/jdk8u102/7268/hotspot/src/share/vm/classfile/systemDictionary.cpp, line 210]
Event: 179.866 Thread 0x00007fe89c20b000 Exception <a 'java/lang/ClassNotFoundException': com/nhsbsa/controllers/NotYetImplementedControllerCustomizer> (0x00000007a08ccb68) thrown at [/Users/java_re/workspace/8-2-build-macosx-x86_64/jdk8u102/7268/hotspot/src/share/vm/classfile/systemDictionary.c
Event: 181.183 Thread 0x00007fe89c20b000 Implicit null exception at 0x000000010ee55382 to 0x000000010ee58a51
Event: 581.030 Thread 0x00007fe89b375800 Exception <a 'java/lang/InterruptedException': sleep interrupted> (0x000000079a0998b8) thrown at [/Users/java_re/workspace/8-2-build-macosx-x86_64/jdk8u102/7268/hotspot/src/share/vm/prims/jvm.cpp, line 3215]
Event: 581.048 Thread 0x00007fe89734c000 Exception <a 'java/lang/InterruptedException': sleep interrupted> (0x000000079d544c70) thrown at [/Users/java_re/workspace/8-2-build-macosx-x86_64/jdk8u102/7268/hotspot/src/share/vm/prims/jvm.cpp, line 3215]
Event: 581.942 Thread 0x00007fe89c362800 Exception <a 'java/io/FileNotFoundException'> (0x0000000795fdc8c0) thrown at [/Users/java_re/workspace/8-2-build-macosx-x86_64/jdk8u102/7268/hotspot/src/share/vm/prims/jni.cpp, line 709]
Event: 582.108 Thread 0x00007fe89d947800 Exception <a 'java/net/UnknownHostException'> (0x0000000796627fb0) thrown at [/Users/java_re/workspace/8-2-build-macosx-x86_64/jdk8u102/7268/hotspot/src/share/vm/prims/jni.cpp, line 735]
Event: 587.413 Thread 0x00007fe89db19000 Exception <a 'java/net/UnknownHostException'> (0x0000000797ddb6a8) thrown at [/Users/java_re/workspace/8-2-build-macosx-x86_64/jdk8u102/7268/hotspot/src/share/vm/prims/jni.cpp, line 735]

Events (10 events):
Event: 592.550 loading class kotlin/Unit done
Event: 592.550 loading class kotlin$Unit
Event: 592.550 loading class kotlin$Unit done
Event: 592.551 Executing VM operation: RevokeBias
Event: 592.551 Executing VM operation: RevokeBias done
Event: 592.551 Thread 0x00007fe898b2e800 Thread exited: 0x00007fe898b2e800
Event: 592.552 loading class javax/inject/Named
Event: 592.552 loading class javax/inject/Named done
Event: 592.552 loading class javax/inject$Named
Event: 592.552 loading class javax/inject$Named done


Dynamic libraries:
0x000000002cac5000 	/System/Library/Frameworks/Cocoa.framework/Versions/A/Cocoa
0x000000002cac5000 	/System/Library/Frameworks/Security.framework/Versions/A/Security
0x000000002cac5000 	/System/Library/Frameworks/ApplicationServices.framework/Versions/A/ApplicationServices
0x000000002cac5000 	/usr/lib/libz.1.dylib
0x000000002cac5000 	/usr/lib/libSystem.B.dylib
0x000000002cac5000 	/usr/lib/libobjc.A.dylib
0x000000002cac5000 	/System/Library/Frameworks/CoreFoundation.framework/Versions/A/CoreFoundation
0x000000002cac5000 	/System/Library/Frameworks/Foundation.framework/Versions/C/Foundation
0x000000002cac5000 	/System/Library/Frameworks/AppKit.framework/Versions/C/AppKit
0x000000002cac5000 	/System/Library/Frameworks/CoreData.framework/Versions/A/CoreData
0x000000002cac5000 	/System/Library/PrivateFrameworks/RemoteViewServices.framework/Versions/A/RemoteViewServices
0x000000002cac5000 	/System/Library/PrivateFrameworks/UIFoundation.framework/Versions/A/UIFoundation
0x000000002cac5000 	/usr/lib/libenergytrace.dylib
0x000000002cac5000 	/System/Library/PrivateFrameworks/SkyLight.framework/Versions/A/SkyLight
0x000000002cac5000 	/System/Library/Frameworks/CoreGraphics.framework/Versions/A/CoreGraphics
0x000000002cac5000 	/usr/lib/libScreenReader.dylib
0x000000002cac5000 	/System/Library/Frameworks/Accelerate.framework/Versions/A/Accelerate
0x000000002cac5000 	/System/Library/Frameworks/IOSurface.framework/Versions/A/IOSurface
0x000000002cac5000 	/System/Library/Frameworks/AudioToolbox.framework/Versions/A/AudioToolbox
0x000000002cac5000 	/System/Library/Frameworks/AudioUnit.framework/Versions/A/AudioUnit
0x000000002cac5000 	/System/Library/PrivateFrameworks/DataDetectorsCore.framework/Versions/A/DataDetectorsCore
0x000000002cac5000 	/System/Library/PrivateFrameworks/DesktopServicesPriv.framework/Versions/A/DesktopServicesPriv
0x000000002cac5000 	/System/Library/Frameworks/Carbon.framework/Versions/A/Frameworks/HIToolbox.framework/Versions/A/HIToolbox
0x000000002cac5000 	/usr/lib/libicucore.A.dylib
0x000000002cac5000 	/System/Library/Frameworks/QuartzCore.framework/Versions/A/QuartzCore
0x000000002cac5000 	/System/Library/Frameworks/Carbon.framework/Versions/A/Frameworks/SpeechRecognition.framework/Versions/A/SpeechRecognition
0x000000002cac5000 	/usr/lib/libauto.dylib
0x000000002cac5000 	/usr/lib/libxml2.2.dylib
0x000000002cac5000 	/System/Library/PrivateFrameworks/CoreUI.framework/Versions/A/CoreUI
0x000000002cac5000 	/System/Library/Frameworks/CoreAudio.framework/Versions/A/CoreAudio
0x000000002cac5000 	/System/Library/Frameworks/DiskArbitration.framework/Versions/A/DiskArbitration
0x000000002cac5000 	/usr/lib/liblangid.dylib
0x000000002cac5000 	/System/Library/PrivateFrameworks/MultitouchSupport.framework/Versions/A/MultitouchSupport
0x000000002cac5000 	/System/Library/Frameworks/IOKit.framework/Versions/A/IOKit
0x000000002cac5000 	/usr/lib/libDiagnosticMessagesClient.dylib
0x000000002cac5000 	/System/Library/Frameworks/CoreServices.framework/Versions/A/CoreServices
0x000000002cac5000 	/System/Library/PrivateFrameworks/PerformanceAnalysis.framework/Versions/A/PerformanceAnalysis
0x000000002cac5000 	/System/Library/PrivateFrameworks/GenerationalStorage.framework/Versions/A/GenerationalStorage
0x000000002cac5000 	/System/Library/Frameworks/OpenGL.framework/Versions/A/OpenGL
0x000000002cac5000 	/System/Library/Frameworks/CoreImage.framework/Versions/A/CoreImage
0x000000002cac5000 	/System/Library/Frameworks/CoreText.framework/Versions/A/CoreText
0x000000002cac5000 	/System/Library/Frameworks/ImageIO.framework/Versions/A/ImageIO
0x000000002cac5000 	/System/Library/PrivateFrameworks/Backup.framework/Versions/A/Backup
0x000000002cac5000 	/usr/lib/libarchive.2.dylib
0x000000002cac5000 	/System/Library/Frameworks/CFNetwork.framework/Versions/A/CFNetwork
0x000000002cac5000 	/System/Library/Frameworks/SystemConfiguration.framework/Versions/A/SystemConfiguration
0x000000002cac5000 	/usr/lib/libCRFSuite.dylib
0x000000002cac5000 	/usr/lib/libc++.1.dylib
0x000000002cac5000 	/usr/lib/libc++abi.dylib
0x000000002cac5000 	/usr/lib/system/libcache.dylib
0x000000002cac5000 	/usr/lib/system/libcommonCrypto.dylib
0x000000002cac5000 	/usr/lib/system/libcompiler_rt.dylib
0x000000002cac5000 	/usr/lib/system/libcopyfile.dylib
0x000000002cac5000 	/usr/lib/system/libcorecrypto.dylib
0x000000002cac5000 	/usr/lib/system/libdispatch.dylib
0x000000002cac5000 	/usr/lib/system/libdyld.dylib
0x000000002cac5000 	/usr/lib/system/libkeymgr.dylib
0x000000002cac5000 	/usr/lib/system/liblaunch.dylib
0x000000002cac5000 	/usr/lib/system/libmacho.dylib
0x000000002cac5000 	/usr/lib/system/libquarantine.dylib
0x000000002cac5000 	/usr/lib/system/libremovefile.dylib
0x000000002cac5000 	/usr/lib/system/libsystem_asl.dylib
0x000000002cac5000 	/usr/lib/system/libsystem_blocks.dylib
0x000000002cac5000 	/usr/lib/system/libsystem_c.dylib
0x000000002cac5000 	/usr/lib/system/libsystem_configuration.dylib
0x000000002cac5000 	/usr/lib/system/libsystem_coreservices.dylib
0x000000002cac5000 	/usr/lib/system/libsystem_coretls.dylib
0x000000002cac5000 	/usr/lib/system/libsystem_dnssd.dylib
0x000000002cac5000 	/usr/lib/system/libsystem_info.dylib
0x000000002cac5000 	/usr/lib/system/libsystem_kernel.dylib
0x000000002cac5000 	/usr/lib/system/libsystem_m.dylib
0x000000002cac5000 	/usr/lib/system/libsystem_malloc.dylib
0x000000002cac5000 	/usr/lib/system/libsystem_network.dylib
0x000000002cac5000 	/usr/lib/system/libsystem_networkextension.dylib
0x000000002cac5000 	/usr/lib/system/libsystem_notify.dylib
0x000000002cac5000 	/usr/lib/system/libsystem_platform.dylib
0x000000002cac5000 	/usr/lib/system/libsystem_pthread.dylib
0x000000002cac5000 	/usr/lib/system/libsystem_sandbox.dylib
0x000000002cac5000 	/usr/lib/system/libsystem_secinit.dylib
0x000000002cac5000 	/usr/lib/system/libsystem_symptoms.dylib
0x000000002cac5000 	/usr/lib/system/libsystem_trace.dylib
0x000000002cac5000 	/usr/lib/system/libunwind.dylib
0x000000002cac5000 	/usr/lib/system/libxpc.dylib
0x000000002cac5000 	/usr/lib/libbsm.0.dylib
0x000000002cac5000 	/usr/lib/system/libkxld.dylib
0x000000002cac5000 	/usr/lib/libcoretls.dylib
0x000000002cac5000 	/usr/lib/libcoretls_cfhelpers.dylib
0x000000002cac5000 	/usr/lib/libxar.1.dylib
0x000000002cac5000 	/usr/lib/libsqlite3.dylib
0x000000002cac5000 	/usr/lib/libpam.2.dylib
0x000000002cac5000 	/usr/lib/libOpenScriptingUtil.dylib
0x000000002cac5000 	/usr/lib/libbz2.1.0.dylib
0x000000002cac5000 	/usr/lib/liblzma.5.dylib
0x000000002cac5000 	/usr/lib/libnetwork.dylib
0x000000002cac5000 	/usr/lib/libpcap.A.dylib
0x000000002cac5000 	/System/Library/Frameworks/CoreServices.framework/Versions/A/Frameworks/FSEvents.framework/Versions/A/FSEvents
0x000000002cac5000 	/System/Library/Frameworks/CoreServices.framework/Versions/A/Frameworks/CarbonCore.framework/Versions/A/CarbonCore
0x000000002cac5000 	/System/Library/Frameworks/CoreServices.framework/Versions/A/Frameworks/Metadata.framework/Versions/A/Metadata
0x000000002cac5000 	/System/Library/Frameworks/CoreServices.framework/Versions/A/Frameworks/OSServices.framework/Versions/A/OSServices
0x000000002cac5000 	/System/Library/Frameworks/CoreServices.framework/Versions/A/Frameworks/SearchKit.framework/Versions/A/SearchKit
0x000000002cac5000 	/System/Library/Frameworks/CoreServices.framework/Versions/A/Frameworks/AE.framework/Versions/A/AE
0x000000002cac5000 	/System/Library/Frameworks/CoreServices.framework/Versions/A/Frameworks/LaunchServices.framework/Versions/A/LaunchServices
0x000000002cac5000 	/System/Library/Frameworks/CoreServices.framework/Versions/A/Frameworks/DictionaryServices.framework/Versions/A/DictionaryServices
0x000000002cac5000 	/System/Library/Frameworks/CoreServices.framework/Versions/A/Frameworks/SharedFileList.framework/Versions/A/SharedFileList
0x000000002cac5000 	/System/Library/Frameworks/NetFS.framework/Versions/A/NetFS
0x000000002cac5000 	/System/Library/PrivateFrameworks/NetAuth.framework/Versions/A/NetAuth
0x000000002cac5000 	/System/Library/PrivateFrameworks/login.framework/Versions/A/Frameworks/loginsupport.framework/Versions/A/loginsupport
0x000000002cac5000 	/System/Library/PrivateFrameworks/TCC.framework/Versions/A/TCC
0x000000002cac5000 	/usr/lib/libmecabra.dylib
0x000000002cac5000 	/System/Library/Frameworks/ApplicationServices.framework/Versions/A/Frameworks/ATS.framework/Versions/A/ATS
0x000000002cac5000 	/System/Library/Frameworks/ApplicationServices.framework/Versions/A/Frameworks/ColorSync.framework/Versions/A/ColorSync
0x000000002cac5000 	/System/Library/Frameworks/ApplicationServices.framework/Versions/A/Frameworks/HIServices.framework/Versions/A/HIServices
0x000000002cac5000 	/System/Library/Frameworks/ApplicationServices.framework/Versions/A/Frameworks/LangAnalysis.framework/Versions/A/LangAnalysis
0x000000002cac5000 	/System/Library/Frameworks/ApplicationServices.framework/Versions/A/Frameworks/PrintCore.framework/Versions/A/PrintCore
0x000000002cac5000 	/System/Library/Frameworks/ApplicationServices.framework/Versions/A/Frameworks/QD.framework/Versions/A/QD
0x000000002cac5000 	/System/Library/Frameworks/ApplicationServices.framework/Versions/A/Frameworks/SpeechSynthesis.framework/Versions/A/SpeechSynthesis
0x000000002cac5000 	/System/Library/Frameworks/Accelerate.framework/Versions/A/Frameworks/vImage.framework/Versions/A/vImage
0x000000002cac5000 	/System/Library/Frameworks/Accelerate.framework/Versions/A/Frameworks/vecLib.framework/Versions/A/vecLib
0x000000002cac5000 	/System/Library/Frameworks/Accelerate.framework/Versions/A/Frameworks/vecLib.framework/Versions/A/libvDSP.dylib
0x000000002cac5000 	/System/Library/Frameworks/Accelerate.framework/Versions/A/Frameworks/vecLib.framework/Versions/A/libBNNS.dylib
0x000000002cac5000 	/System/Library/Frameworks/Accelerate.framework/Versions/A/Frameworks/vecLib.framework/Versions/A/libQuadrature.dylib
0x000000002cac5000 	/System/Library/Frameworks/Accelerate.framework/Versions/A/Frameworks/vecLib.framework/Versions/A/libvMisc.dylib
0x000000002cac5000 	/System/Library/Frameworks/Accelerate.framework/Versions/A/Frameworks/vecLib.framework/Versions/A/libLAPACK.dylib
0x000000002cac5000 	/System/Library/Frameworks/Accelerate.framework/Versions/A/Frameworks/vecLib.framework/Versions/A/libBLAS.dylib
0x000000002cac5000 	/System/Library/Frameworks/Accelerate.framework/Versions/A/Frameworks/vecLib.framework/Versions/A/libLinearAlgebra.dylib
0x000000002cac5000 	/System/Library/Frameworks/Accelerate.framework/Versions/A/Frameworks/vecLib.framework/Versions/A/libSparseBLAS.dylib
0x000000002cac5000 	/System/Library/Frameworks/ApplicationServices.framework/Versions/A/Frameworks/ATS.framework/Versions/A/Resources/libFontParser.dylib
0x000000002cac5000 	/System/Library/Frameworks/ApplicationServices.framework/Versions/A/Frameworks/ATS.framework/Versions/A/Resources/libFontRegistry.dylib
0x000000002cac5000 	/System/Library/Frameworks/ImageIO.framework/Versions/A/Resources/libJPEG.dylib
0x000000002cac5000 	/System/Library/Frameworks/ImageIO.framework/Versions/A/Resources/libTIFF.dylib
0x000000002cac5000 	/System/Library/Frameworks/ImageIO.framework/Versions/A/Resources/libPng.dylib
0x000000002cac5000 	/System/Library/Frameworks/ImageIO.framework/Versions/A/Resources/libGIF.dylib
0x000000002cac5000 	/System/Library/Frameworks/ImageIO.framework/Versions/A/Resources/libJP2.dylib
0x000000002cac5000 	/System/Library/Frameworks/ImageIO.framework/Versions/A/Resources/libRadiance.dylib
0x000000002cac5000 	/usr/lib/libcompression.dylib
0x000000002cac5000 	/System/Library/PrivateFrameworks/AppleJPEG.framework/Versions/A/AppleJPEG
0x000000002cac5000 	/usr/lib/libcups.2.dylib
0x000000002cac5000 	/System/Library/Frameworks/Kerberos.framework/Versions/A/Kerberos
0x000000002cac5000 	/System/Library/Frameworks/GSS.framework/Versions/A/GSS
0x000000002cac5000 	/usr/lib/libresolv.9.dylib
0x000000002cac5000 	/usr/lib/libiconv.2.dylib
0x000000002cac5000 	/System/Library/PrivateFrameworks/Heimdal.framework/Versions/A/Heimdal
0x000000002cac5000 	/usr/lib/libheimdal-asn1.dylib
0x000000002cac5000 	/System/Library/Frameworks/OpenDirectory.framework/Versions/A/OpenDirectory
0x000000002cac5000 	/System/Library/PrivateFrameworks/CommonAuth.framework/Versions/A/CommonAuth
0x000000002cac5000 	/System/Library/Frameworks/OpenDirectory.framework/Versions/A/Frameworks/CFOpenDirectory.framework/Versions/A/CFOpenDirectory
0x000000002cac5000 	/System/Library/Frameworks/SecurityFoundation.framework/Versions/A/SecurityFoundation
0x000000002cac5000 	/System/Library/PrivateFrameworks/LanguageModeling.framework/Versions/A/LanguageModeling
0x000000002cac5000 	/usr/lib/libmarisa.dylib
0x000000002cac5000 	/usr/lib/libChineseTokenizer.dylib
0x000000002cac5000 	/usr/lib/libcmph.dylib
0x000000002cac5000 	/System/Library/PrivateFrameworks/CoreEmoji.framework/Versions/A/CoreEmoji
0x000000002cac5000 	/System/Library/Frameworks/ServiceManagement.framework/Versions/A/ServiceManagement
0x000000002cac5000 	/usr/lib/libxslt.1.dylib
0x000000002cac5000 	/System/Library/Frameworks/Carbon.framework/Versions/A/Frameworks/Ink.framework/Versions/A/Ink
0x000000002cac5000 	/System/Library/PrivateFrameworks/TextureIO.framework/Versions/A/TextureIO
0x000000002cac5000 	/System/Library/Frameworks/Metal.framework/Versions/A/Metal
0x000000002cac5000 	/usr/lib/libate.dylib
0x000000002cac5000 	/System/Library/PrivateFrameworks/GPUCompiler.framework/libmetal_timestamp.dylib
0x000000002cac5000 	/System/Library/Frameworks/OpenGL.framework/Versions/A/Libraries/libCoreFSCache.dylib
0x000000002cac5000 	/System/Library/PrivateFrameworks/IOAccelerator.framework/Versions/A/IOAccelerator
0x000000002cac5000 	/System/Library/Frameworks/CoreVideo.framework/Versions/A/CoreVideo
0x000000002cac5000 	/usr/lib/libFosl_dynamic.dylib
0x000000002cac5000 	/System/Library/PrivateFrameworks/MetalPerformanceShaders.framework/Versions/A/MetalPerformanceShaders
0x000000002cac5000 	/System/Library/PrivateFrameworks/FaceCore.framework/Versions/A/FaceCore
0x000000002cac5000 	/System/Library/Frameworks/OpenCL.framework/Versions/A/OpenCL
0x000000002cac5000 	/System/Library/Frameworks/OpenGL.framework/Versions/A/Libraries/libGLU.dylib
0x000000002cac5000 	/System/Library/Frameworks/OpenGL.framework/Versions/A/Libraries/libGFXShared.dylib
0x000000002cac5000 	/System/Library/Frameworks/OpenGL.framework/Versions/A/Libraries/libGL.dylib
0x000000002cac5000 	/System/Library/Frameworks/OpenGL.framework/Versions/A/Libraries/libGLImage.dylib
0x000000002cac5000 	/System/Library/Frameworks/OpenGL.framework/Versions/A/Libraries/libCVMSPluginSupport.dylib
0x000000002cac5000 	/System/Library/Frameworks/OpenGL.framework/Versions/A/Libraries/libCoreVMClient.dylib
0x000000002cac5000 	/System/Library/PrivateFrameworks/CrashReporterSupport.framework/Versions/A/CrashReporterSupport
0x000000002cac5000 	/System/Library/PrivateFrameworks/Sharing.framework/Versions/A/Sharing
0x000000002cac5000 	/System/Library/PrivateFrameworks/IconServices.framework/Versions/A/IconServices
0x000000002cac5000 	/System/Library/PrivateFrameworks/ProtocolBuffer.framework/Versions/A/ProtocolBuffer
0x000000002cac5000 	/System/Library/PrivateFrameworks/Apple80211.framework/Versions/A/Apple80211
0x000000002cac5000 	/System/Library/Frameworks/CoreWLAN.framework/Versions/A/CoreWLAN
0x000000002cac5000 	/System/Library/PrivateFrameworks/CoreUtils.framework/Versions/A/CoreUtils
0x000000002cac5000 	/System/Library/Frameworks/IOBluetooth.framework/Versions/A/IOBluetooth
0x000000002cac5000 	/System/Library/PrivateFrameworks/CoreWiFi.framework/Versions/A/CoreWiFi
0x000000002cac5000 	/System/Library/Frameworks/CoreBluetooth.framework/Versions/A/CoreBluetooth
0x000000002cac5000 	/System/Library/Frameworks/CoreDisplay.framework/Versions/A/CoreDisplay
0x000000002cac5000 	/System/Library/PrivateFrameworks/IOPresentment.framework/Versions/A/IOPresentment
0x000000002cac5000 	/System/Library/PrivateFrameworks/DebugSymbols.framework/Versions/A/DebugSymbols
0x000000002cac5000 	/System/Library/PrivateFrameworks/CoreSymbolication.framework/Versions/A/CoreSymbolication
0x000000002cac5000 	/System/Library/PrivateFrameworks/Symbolication.framework/Versions/A/Symbolication
0x000000002cac5000 	/System/Library/PrivateFrameworks/AppleFSCompression.framework/Versions/A/AppleFSCompression
0x000000002cac5000 	/System/Library/PrivateFrameworks/SpeechRecognitionCore.framework/Versions/A/SpeechRecognitionCore
0x000000002cac5000 	/System/Library/PrivateFrameworks/ChunkingLibrary.framework/Versions/A/ChunkingLibrary
0x0000000104e00000 	/Library/Java/JavaVirtualMachines/jdk1.8.0_102.jdk/Contents/Home/jre/lib/server/libjvm.dylib
0x000000002cac5000 	/usr/lib/libstdc++.6.dylib
0x00000001044b4000 	/Library/Java/JavaVirtualMachines/jdk1.8.0_102.jdk/Contents/Home/jre/lib/libverify.dylib
0x00000001044c2000 	/Library/Java/JavaVirtualMachines/jdk1.8.0_102.jdk/Contents/Home/jre/lib/libjava.dylib
0x0000000104501000 	/Library/Java/JavaVirtualMachines/jdk1.8.0_102.jdk/Contents/Home/jre/lib/libzip.dylib
0x000000010c619000 	/System/Library/Frameworks/JavaVM.framework/Frameworks/JavaRuntimeSupport.framework/JavaRuntimeSupport
0x000000010c633000 	/System/Library/Frameworks/JavaVM.framework/Versions/A/Frameworks/JavaNativeFoundation.framework/Versions/A/JavaNativeFoundation
0x000000010c648000 	/System/Library/Frameworks/JavaVM.framework/Versions/A/JavaVM
0x000000002cac5000 	/System/Library/Frameworks/Carbon.framework/Versions/A/Carbon
0x000000010c655000 	/System/Library/PrivateFrameworks/JavaLaunching.framework/Versions/A/JavaLaunching
0x000000002cac5000 	/System/Library/Frameworks/Carbon.framework/Versions/A/Frameworks/CommonPanels.framework/Versions/A/CommonPanels
0x000000002cac5000 	/System/Library/Frameworks/Carbon.framework/Versions/A/Frameworks/Help.framework/Versions/A/Help
0x000000002cac5000 	/System/Library/Frameworks/Carbon.framework/Versions/A/Frameworks/ImageCapture.framework/Versions/A/ImageCapture
0x000000002cac5000 	/System/Library/Frameworks/Carbon.framework/Versions/A/Frameworks/OpenScripting.framework/Versions/A/OpenScripting
0x000000002cac5000 	/System/Library/Frameworks/Carbon.framework/Versions/A/Frameworks/Print.framework/Versions/A/Print
0x000000002cac5000 	/System/Library/Frameworks/Carbon.framework/Versions/A/Frameworks/SecurityHI.framework/Versions/A/SecurityHI
0x000000010cb46000 	/Applications/IntelliJ IDEA CE.app/Contents/bin/libbreakgen64.jnilib
0x000000010cb49000 	/Library/Java/JavaVirtualMachines/jdk1.8.0_102.jdk/Contents/Home/jre/lib/libnet.dylib
0x000000010cbec000 	/Library/Java/JavaVirtualMachines/jdk1.8.0_102.jdk/Contents/Home/jre/lib/libmanagement.dylib
0x000000010cbff000 	/Library/Java/JavaVirtualMachines/jdk1.8.0_102.jdk/Contents/Home/jre/lib/libnio.dylib

VM Arguments:
jvm_args: -Didea.launcher.port=7534 -Didea.launcher.bin.path=/Applications/IntelliJ IDEA CE.app/Contents/bin -Dfile.encoding=UTF-8 
java_command: com.intellij.rt.execution.application.AppMain com.nhsbsa.Application
java_class_path (initial): /Library/Java/JavaVirtualMachines/jdk1.8.0_102.jdk/Contents/Home/jre/lib/charsets.jar:/Library/Java/JavaVirtualMachines/jdk1.8.0_102.jdk/Contents/Home/jre/lib/deploy.jar:/Library/Java/JavaVirtualMachines/jdk1.8.0_102.jdk/Contents/Home/jre/lib/ext/cldrdata.jar:/Library/Java/JavaVirtualMachines/jdk1.8.0_102.jdk/Contents/Home/jre/lib/ext/dnsns.jar:/Library/Java/JavaVirtualMachines/jdk1.8.0_102.jdk/Contents/Home/jre/lib/ext/jaccess.jar:/Library/Java/JavaVirtualMachines/jdk1.8.0_102.jdk/Contents/Home/jre/lib/ext/jfxrt.jar:/Library/Java/JavaVirtualMachines/jdk1.8.0_102.jdk/Contents/Home/jre/lib/ext/localedata.jar:/Library/Java/JavaVirtualMachines/jdk1.8.0_102.jdk/Contents/Home/jre/lib/ext/nashorn.jar:/Library/Java/JavaVirtualMachines/jdk1.8.0_102.jdk/Contents/Home/jre/lib/ext/sunec.jar:/Library/Java/JavaVirtualMachines/jdk1.8.0_102.jdk/Contents/Home/jre/lib/ext/sunjce_provider.jar:/Library/Java/JavaVirtualMachines/jdk1.8.0_102.jdk/Contents/Home/jre/lib/ext/sunpkcs11.jar:/Library/Java/JavaVirtualMachines/jdk1.8.0_102.jdk/Contents/Home/jre/lib/ext/zipfs.jar:/Library/Java/JavaVirtualMachines/jdk1.8.0_102.jdk/Contents/Home/jre/lib/javaws.jar:/Library/Java/JavaVirtualMachines/jdk1.8.0_102.jdk/Contents/Home/jre/lib/jce.jar:/Library/Java/JavaVirtualMachines/jdk1.8.0_102.jdk/Contents/Home/jre/lib/jfr.jar:/Library/Java/JavaVirtualMachines/jdk1.8.0_102.jdk/Contents/Home/jre/lib/jfxswt.jar:/Library/Java/JavaVirtualMachines/jdk1.8.0_102.jdk/Contents/Home/jre/lib/jsse.jar:/Library/Java/JavaVirtualMachines/jdk1.8.0_102.jdk/Contents/Home/jre/lib/management-agent.jar:/Library/Java/JavaVirtualMachines/jdk1.8.0_102.jdk/Contents/Home/jre/lib/plugin.jar:/Library/Java/JavaVirtualMachines/jdk1.8.0_102.jdk/Contents/Home/jre/lib/resources.jar:/Library/Java/JavaVirtualMachines/jdk1.8.0_102.jdk/Contents/Home/jre/lib/rt.jar:/Library/Java/JavaVirtualMachines/jdk1.8.0_102.jdk/Contents/Home/lib/ant-javafx.jar:/Library/Java/JavaVirtualMachines/jdk1.8.0_102.jdk/Contents/Home
Launcher Type: SUN_STANDARD

Environment Variables:
PATH=/opt/local/bin:/opt/local/sbin:/Users/jeffreya/workspace/devops/gcloud/google-cloud-sdk/bin:/usr/local/bin:/usr/bin:/bin:/usr/sbin:/sbin
SHELL=/bin/bash

Signal Handlers:
SIGSEGV: [libjvm.dylib+0x5b0579], sa_mask[0]=11111111011111110111111111111111, sa_flags=SA_ONSTACK|SA_RESTART|SA_SIGINFO
SIGBUS: [libjvm.dylib+0x5b0579], sa_mask[0]=11111111011111110111111111111111, sa_flags=SA_RESTART|SA_SIGINFO
SIGFPE: [libjvm.dylib+0x4874e4], sa_mask[0]=11111111011111110111111111111111, sa_flags=SA_RESTART|SA_SIGINFO
SIGPIPE: [libjvm.dylib+0x4874e4], sa_mask[0]=11111111011111110111111111111111, sa_flags=SA_RESTART|SA_SIGINFO
SIGXFSZ: [libjvm.dylib+0x4874e4], sa_mask[0]=11111111011111110111111111111111, sa_flags=SA_RESTART|SA_SIGINFO
SIGILL: [libjvm.dylib+0x4874e4], sa_mask[0]=11111111011111110111111111111111, sa_flags=SA_RESTART|SA_SIGINFO
SIGUSR1: SIG_DFL, sa_mask[0]=00000000000000000000000000000000, sa_flags=none
SIGUSR2: [libjvm.dylib+0x487002], sa_mask[0]=00100000000000000000000000000000, sa_flags=SA_RESTART|SA_SIGINFO
SIGHUP: [libjvm.dylib+0x4855d9], sa_mask[0]=11111111011111110111111111111111, sa_flags=SA_RESTART|SA_SIGINFO
SIGINT: [libjvm.dylib+0x4855d9], sa_mask[0]=11111111011111110111111111111111, sa_flags=SA_RESTART|SA_SIGINFO
SIGTERM: [libjvm.dylib+0x4855d9], sa_mask[0]=11111111011111110111111111111111, sa_flags=SA_RESTART|SA_SIGINFO
SIGQUIT: [libjvm.dylib+0x4855d9], sa_mask[0]=11111111011111110111111111111111, sa_flags=SA_RESTART|SA_SIGINFO


---------------  S Y S T E M  ---------------

OS:Bsduname:Darwin 16.0.0 Darwin Kernel Version 16.0.0: Mon Aug 29 17:56:20 PDT 2016; root:xnu-3789.1.32~3/RELEASE_X86_64 x86_64
rlimit: STACK 8192k, CORE 0k, NPROC 709, NOFILE 10240, AS infinity
load average:3.60 3.32 2.84

CPU:total 4 (2 cores per cpu, 2 threads per core) family 6 model 61 stepping 4, cmov, cx8, fxsr, mmx, sse, sse2, sse3, ssse3, sse4.1, sse4.2, popcnt, avx, avx2, aes, clmul, erms, 3dnowpref, lzcnt, ht, tsc, tscinvbit, bmi1, bmi2, adx

Memory: 4k page, physical 8388608k(192536k free)

/proc/meminfo:


vm_info: Java HotSpot(TM) 64-Bit Server VM (25.102-b14) for bsd-amd64 JRE (1.8.0_102-b14), built on Jun 22 2016 11:42:36 by "java_re" with gcc 4.2.1 (Based on Apple Inc. build 5658) (LLVM build 2336.11.00)

time: Wed Oct 26 15:24:20 2016
elapsed time: 592 seconds (0d 0h 9m 52s)

